2016-05-29 19:44:56 Error: [Cake\View\Exception\MissingTemplateException] Template file "Articles\index.ctp" is missing.
Exception Attributes: array (
  'file' => 'Articles\\index.ctp',
)
Request URL: /blognew/articles/
Stack Trace:
#0 X:\wamp\www\blognew\vendor\cakephp\cakephp\src\View\View.php(584): Cake\View\View->_getViewFileName(NULL)
#1 X:\wamp\www\blognew\vendor\cakephp\cakephp\src\Controller\Controller.php(611): Cake\View\View->render(NULL, NULL)
#2 X:\wamp\www\blognew\vendor\cakephp\cakephp\src\Routing\Dispatcher.php(120): Cake\Controller\Controller->render()
#3 X:\wamp\www\blognew\vendor\cakephp\cakephp\src\Routing\Dispatcher.php(87): Cake\Routing\Dispatcher->_invoke(Object(App\Controller\ArticlesController))
#4 X:\wamp\www\blognew\webroot\index.php(37): Cake\Routing\Dispatcher->dispatch(Object(Cake\Network\Request), Object(Cake\Network\Response))
#5 {main}


2016-05-30 21:57:41 Error: [Cake\Controller\Exception\MissingActionException] Action CategoriesController::ad() could not be found, or is not accessible.
Exception Attributes: array (
  'controller' => 'CategoriesController',
  'action' => 'ad',
  'prefix' => '',
  'plugin' => NULL,
)
Request URL: /blognew/categories/ad
Stack Trace:
#0 X:\wamp\www\blognew\vendor\cakephp\cakephp\src\Routing\Dispatcher.php(114): Cake\Controller\Controller->invokeAction()
#1 X:\wamp\www\blognew\vendor\cakephp\cakephp\src\Routing\Dispatcher.php(87): Cake\Routing\Dispatcher->_invoke(Object(App\Controller\CategoriesController))
#2 X:\wamp\www\blognew\webroot\index.php(37): Cake\Routing\Dispatcher->dispatch(Object(Cake\Network\Request), Object(Cake\Network\Response))
#3 {main}


2016-05-30 23:03:51 Warning: Warning (4096): Argument 1 passed to App\Controller\UsersController::beforeFilter() must be an instance of App\Controller\Event, instance of Cake\Event\Event given, called in X:\wamp\www\blognew\vendor\cakephp\cakephp\src\Event\EventManager.php on line 386 and defined in [X:\wamp\www\blognew\src\Controller\UsersController.php, line 15]
Request URL: /blognew/users/add
Trace:
Cake\Error\BaseErrorHandler::handleError() - CORE\src\Error\BaseErrorHandler.php, line 146
App\Controller\UsersController::beforeFilter() - APP/Controller\UsersController.php, line 15
Cake\Event\EventManager::_callListener() - CORE\src\Event\EventManager.php, line 386
Cake\Event\EventManager::dispatch() - CORE\src\Event\EventManager.php, line 356
Cake\Controller\Controller::dispatchEvent() - CORE\src\Event\EventDispatcherTrait.php, line 78
Cake\Controller\Controller::startupProcess() - CORE\src\Controller\Controller.php, line 491
Cake\Routing\Dispatcher::_invoke() - CORE\src\Routing\Dispatcher.php, line 109
Cake\Routing\Dispatcher::dispatch() - CORE\src\Routing\Dispatcher.php, line 87
[main] - ROOT\webroot\index.php, line 37



2016-05-30 23:03:51 Error: Fatal Error (4): syntax error, unexpected 'return' (T_RETURN) in [X:\wamp\www\blognew\src\Model\Table\UsersTable.php, line 56]
Request URL: /blognew/users/add
Trace:
Cake\Error\BaseErrorHandler::handleFatalError() - CORE\src\Error\BaseErrorHandler.php, line 215
Cake\Error\BaseErrorHandler::Cake\Error\{closure}() - CORE\src\Error\BaseErrorHandler.php, line 98
[main] - [internal], line ??



2016-05-30 23:03:52 Error: [Cake\Error\FatalErrorException] syntax error, unexpected 'return' (T_RETURN)
Request URL: /blognew/users/add
Stack Trace:
#0 X:\wamp\www\blognew\vendor\cakephp\cakephp\src\Error\BaseErrorHandler.php(98): Cake\Error\BaseErrorHandler->handleFatalError(4, 'syntax error, u...', 'X:\\wamp\\www\\blo...', 56)
#1 [internal function]: Cake\Error\BaseErrorHandler->Cake\Error\{closure}()
#2 {main}


2016-05-30 23:03:52 Warning: Warning (4096): Argument 1 passed to App\Controller\UsersController::beforeFilter() must be an instance of App\Controller\Event, instance of Cake\Event\Event given, called in X:\wamp\www\blognew\vendor\cakephp\cakephp\src\Event\EventManager.php on line 386 and defined in [X:\wamp\www\blognew\src\Controller\UsersController.php, line 15]
Request URL: /blognew/users/add
Trace:
Cake\Error\BaseErrorHandler::handleError() - CORE\src\Error\BaseErrorHandler.php, line 146
App\Controller\UsersController::beforeFilter() - APP/Controller\UsersController.php, line 15
Cake\Event\EventManager::_callListener() - CORE\src\Event\EventManager.php, line 386
Cake\Event\EventManager::dispatch() - CORE\src\Event\EventManager.php, line 356
Cake\Controller\Controller::dispatchEvent() - CORE\src\Event\EventDispatcherTrait.php, line 78
Cake\Controller\Controller::startupProcess() - CORE\src\Controller\Controller.php, line 491
Cake\Routing\Dispatcher::_invoke() - CORE\src\Routing\Dispatcher.php, line 109
Cake\Routing\Dispatcher::dispatch() - CORE\src\Routing\Dispatcher.php, line 87
[main] - ROOT\webroot\index.php, line 37



2016-05-30 23:03:52 Error: Fatal Error (4): syntax error, unexpected 'return' (T_RETURN) in [X:\wamp\www\blognew\src\Model\Table\UsersTable.php, line 56]
Request URL: /blognew/users/add
Trace:
Cake\Error\BaseErrorHandler::handleFatalError() - CORE\src\Error\BaseErrorHandler.php, line 215
Cake\Error\BaseErrorHandler::Cake\Error\{closure}() - CORE\src\Error\BaseErrorHandler.php, line 98
[main] - [internal], line ??



2016-05-30 23:03:53 Error: [Cake\Error\FatalErrorException] syntax error, unexpected 'return' (T_RETURN)
Request URL: /blognew/users/add
Stack Trace:
#0 X:\wamp\www\blognew\vendor\cakephp\cakephp\src\Error\BaseErrorHandler.php(98): Cake\Error\BaseErrorHandler->handleFatalError(4, 'syntax error, u...', 'X:\\wamp\\www\\blo...', 56)
#1 [internal function]: Cake\Error\BaseErrorHandler->Cake\Error\{closure}()
#2 {main}


2016-05-30 23:06:26 Warning: Warning (4096): Argument 1 passed to App\Controller\UsersController::beforeFilter() must be an instance of App\Controller\Event, instance of Cake\Event\Event given, called in X:\wamp\www\blognew\vendor\cakephp\cakephp\src\Event\EventManager.php on line 386 and defined in [X:\wamp\www\blognew\src\Controller\UsersController.php, line 15]
Request URL: /blognew/users/add
Trace:
Cake\Error\BaseErrorHandler::handleError() - CORE\src\Error\BaseErrorHandler.php, line 146
App\Controller\UsersController::beforeFilter() - APP/Controller\UsersController.php, line 15
Cake\Event\EventManager::_callListener() - CORE\src\Event\EventManager.php, line 386
Cake\Event\EventManager::dispatch() - CORE\src\Event\EventManager.php, line 356
Cake\Controller\Controller::dispatchEvent() - CORE\src\Event\EventDispatcherTrait.php, line 78
Cake\Controller\Controller::startupProcess() - CORE\src\Controller\Controller.php, line 491
Cake\Routing\Dispatcher::_invoke() - CORE\src\Routing\Dispatcher.php, line 109
Cake\Routing\Dispatcher::dispatch() - CORE\src\Routing\Dispatcher.php, line 87
[main] - ROOT\webroot\index.php, line 37



2016-05-30 23:06:27 Warning: Warning (4096): Argument 1 passed to App\Controller\UsersController::beforeFilter() must be an instance of App\Controller\Event, instance of Cake\Event\Event given, called in X:\wamp\www\blognew\vendor\cakephp\cakephp\src\Event\EventManager.php on line 386 and defined in [X:\wamp\www\blognew\src\Controller\UsersController.php, line 15]
Request URL: /blognew/users/add
Trace:
Cake\Error\BaseErrorHandler::handleError() - CORE\src\Error\BaseErrorHandler.php, line 146
App\Controller\UsersController::beforeFilter() - APP/Controller\UsersController.php, line 15
Cake\Event\EventManager::_callListener() - CORE\src\Event\EventManager.php, line 386
Cake\Event\EventManager::dispatch() - CORE\src\Event\EventManager.php, line 356
Cake\Controller\Controller::dispatchEvent() - CORE\src\Event\EventDispatcherTrait.php, line 78
Cake\Controller\Controller::startupProcess() - CORE\src\Controller\Controller.php, line 491
Cake\Routing\Dispatcher::_invoke() - CORE\src\Routing\Dispatcher.php, line 109
Cake\Routing\Dispatcher::dispatch() - CORE\src\Routing\Dispatcher.php, line 87
[main] - ROOT\webroot\index.php, line 37



2016-05-30 23:12:28 Warning: Warning (4096): Argument 1 passed to App\Controller\UsersController::beforeFilter() must be an instance of App\Controller\Event, instance of Cake\Event\Event given, called in X:\wamp\www\blognew\vendor\cakephp\cakephp\src\Event\EventManager.php on line 386 and defined in [X:\wamp\www\blognew\src\Controller\UsersController.php, line 114]
Request URL: /blognew/users/add
Trace:
Cake\Error\BaseErrorHandler::handleError() - CORE\src\Error\BaseErrorHandler.php, line 146
App\Controller\UsersController::beforeFilter() - APP/Controller\UsersController.php, line 114
Cake\Event\EventManager::_callListener() - CORE\src\Event\EventManager.php, line 386
Cake\Event\EventManager::dispatch() - CORE\src\Event\EventManager.php, line 356
Cake\Controller\Controller::dispatchEvent() - CORE\src\Event\EventDispatcherTrait.php, line 78
Cake\Controller\Controller::startupProcess() - CORE\src\Controller\Controller.php, line 491
Cake\Routing\Dispatcher::_invoke() - CORE\src\Routing\Dispatcher.php, line 109
Cake\Routing\Dispatcher::dispatch() - CORE\src\Routing\Dispatcher.php, line 87
[main] - ROOT\webroot\index.php, line 37



2016-05-30 23:12:29 Warning: Warning (4096): Argument 1 passed to App\Controller\UsersController::beforeFilter() must be an instance of App\Controller\Event, instance of Cake\Event\Event given, called in X:\wamp\www\blognew\vendor\cakephp\cakephp\src\Event\EventManager.php on line 386 and defined in [X:\wamp\www\blognew\src\Controller\UsersController.php, line 114]
Request URL: /blognew/users/add
Trace:
Cake\Error\BaseErrorHandler::handleError() - CORE\src\Error\BaseErrorHandler.php, line 146
App\Controller\UsersController::beforeFilter() - APP/Controller\UsersController.php, line 114
Cake\Event\EventManager::_callListener() - CORE\src\Event\EventManager.php, line 386
Cake\Event\EventManager::dispatch() - CORE\src\Event\EventManager.php, line 356
Cake\Controller\Controller::dispatchEvent() - CORE\src\Event\EventDispatcherTrait.php, line 78
Cake\Controller\Controller::startupProcess() - CORE\src\Controller\Controller.php, line 491
Cake\Routing\Dispatcher::_invoke() - CORE\src\Routing\Dispatcher.php, line 109
Cake\Routing\Dispatcher::dispatch() - CORE\src\Routing\Dispatcher.php, line 87
[main] - ROOT\webroot\index.php, line 37



2016-05-30 23:12:55 Warning: Warning (4096): Argument 1 passed to App\Controller\UsersController::beforeFilter() must be an instance of App\Controller\Event, instance of Cake\Event\Event given, called in X:\wamp\www\blognew\vendor\cakephp\cakephp\src\Event\EventManager.php on line 386 and defined in [X:\wamp\www\blognew\src\Controller\UsersController.php, line 114]
Request URL: /blognew/users/add
Referer URL: http://localhost:8000/blognew/users/add
Trace:
Cake\Error\BaseErrorHandler::handleError() - CORE\src\Error\BaseErrorHandler.php, line 146
App\Controller\UsersController::beforeFilter() - APP/Controller\UsersController.php, line 114
Cake\Event\EventManager::_callListener() - CORE\src\Event\EventManager.php, line 386
Cake\Event\EventManager::dispatch() - CORE\src\Event\EventManager.php, line 356
Cake\Controller\Controller::dispatchEvent() - CORE\src\Event\EventDispatcherTrait.php, line 78
Cake\Controller\Controller::startupProcess() - CORE\src\Controller\Controller.php, line 491
Cake\Routing\Dispatcher::_invoke() - CORE\src\Routing\Dispatcher.php, line 109
Cake\Routing\Dispatcher::dispatch() - CORE\src\Routing\Dispatcher.php, line 87
[main] - ROOT\webroot\index.php, line 37



2016-05-30 23:12:55 Error: Fatal Error (1): Class 'App\Model\Entity\DefaultPasswordHasher' not found in [X:\wamp\www\blognew\src\Model\Entity\User.php, line 39]
Request URL: /blognew/users/add
Referer URL: http://localhost:8000/blognew/users/add
Trace:
Cake\Error\BaseErrorHandler::handleFatalError() - CORE\src\Error\BaseErrorHandler.php, line 215
Cake\Error\BaseErrorHandler::Cake\Error\{closure}() - CORE\src\Error\BaseErrorHandler.php, line 98
[main] - [internal], line ??



2016-05-30 23:12:55 Error: [Cake\Error\FatalErrorException] Class 'App\Model\Entity\DefaultPasswordHasher' not found
Request URL: /blognew/users/add
Referer URL: http://localhost:8000/blognew/users/add
Stack Trace:
#0 X:\wamp\www\blognew\vendor\cakephp\cakephp\src\Error\BaseErrorHandler.php(98): Cake\Error\BaseErrorHandler->handleFatalError(1, 'Class 'App\\Mode...', 'X:\\wamp\\www\\blo...', 39)
#1 [internal function]: Cake\Error\BaseErrorHandler->Cake\Error\{closure}()
#2 {main}


2016-05-30 23:14:00 Warning: Warning (4096): Argument 1 passed to App\Controller\UsersController::beforeFilter() must be an instance of App\Controller\Event, instance of Cake\Event\Event given, called in X:\wamp\www\blognew\vendor\cakephp\cakephp\src\Event\EventManager.php on line 386 and defined in [X:\wamp\www\blognew\src\Controller\UsersController.php, line 114]
Request URL: /blognew/users/add
Referer URL: http://localhost:8000/blognew/users/add
Trace:
Cake\Error\BaseErrorHandler::handleError() - CORE\src\Error\BaseErrorHandler.php, line 146
App\Controller\UsersController::beforeFilter() - APP/Controller\UsersController.php, line 114
Cake\Event\EventManager::_callListener() - CORE\src\Event\EventManager.php, line 386
Cake\Event\EventManager::dispatch() - CORE\src\Event\EventManager.php, line 356
Cake\Controller\Controller::dispatchEvent() - CORE\src\Event\EventDispatcherTrait.php, line 78
Cake\Controller\Controller::startupProcess() - CORE\src\Controller\Controller.php, line 491
Cake\Routing\Dispatcher::_invoke() - CORE\src\Routing\Dispatcher.php, line 109
Cake\Routing\Dispatcher::dispatch() - CORE\src\Routing\Dispatcher.php, line 87
[main] - ROOT\webroot\index.php, line 37



2016-05-30 23:14:41 Warning: Warning (4096): Argument 1 passed to App\Controller\UsersController::beforeFilter() must be an instance of App\Controller\Event, instance of Cake\Event\Event given, called in X:\wamp\www\blognew\vendor\cakephp\cakephp\src\Event\EventManager.php on line 386 and defined in [X:\wamp\www\blognew\src\Controller\UsersController.php, line 114]
Request URL: /blognew/users/login
Trace:
Cake\Error\BaseErrorHandler::handleError() - CORE\src\Error\BaseErrorHandler.php, line 146
App\Controller\UsersController::beforeFilter() - APP/Controller\UsersController.php, line 114
Cake\Event\EventManager::_callListener() - CORE\src\Event\EventManager.php, line 386
Cake\Event\EventManager::dispatch() - CORE\src\Event\EventManager.php, line 356
Cake\Controller\Controller::dispatchEvent() - CORE\src\Event\EventDispatcherTrait.php, line 78
Cake\Controller\Controller::startupProcess() - CORE\src\Controller\Controller.php, line 491
Cake\Routing\Dispatcher::_invoke() - CORE\src\Routing\Dispatcher.php, line 109
Cake\Routing\Dispatcher::dispatch() - CORE\src\Routing\Dispatcher.php, line 87
[main] - ROOT\webroot\index.php, line 37



2016-05-30 23:14:42 Warning: Warning (4096): Argument 1 passed to App\Controller\UsersController::beforeFilter() must be an instance of App\Controller\Event, instance of Cake\Event\Event given, called in X:\wamp\www\blognew\vendor\cakephp\cakephp\src\Event\EventManager.php on line 386 and defined in [X:\wamp\www\blognew\src\Controller\UsersController.php, line 114]
Request URL: /blognew/users/login
Trace:
Cake\Error\BaseErrorHandler::handleError() - CORE\src\Error\BaseErrorHandler.php, line 146
App\Controller\UsersController::beforeFilter() - APP/Controller\UsersController.php, line 114
Cake\Event\EventManager::_callListener() - CORE\src\Event\EventManager.php, line 386
Cake\Event\EventManager::dispatch() - CORE\src\Event\EventManager.php, line 356
Cake\Controller\Controller::dispatchEvent() - CORE\src\Event\EventDispatcherTrait.php, line 78
Cake\Controller\Controller::startupProcess() - CORE\src\Controller\Controller.php, line 491
Cake\Routing\Dispatcher::_invoke() - CORE\src\Routing\Dispatcher.php, line 109
Cake\Routing\Dispatcher::dispatch() - CORE\src\Routing\Dispatcher.php, line 87
[main] - ROOT\webroot\index.php, line 37



2016-05-30 23:14:57 Warning: Warning (4096): Argument 1 passed to App\Controller\UsersController::beforeFilter() must be an instance of App\Controller\Event, instance of Cake\Event\Event given, called in X:\wamp\www\blognew\vendor\cakephp\cakephp\src\Event\EventManager.php on line 386 and defined in [X:\wamp\www\blognew\src\Controller\UsersController.php, line 114]
Request URL: /blognew/users/login
Referer URL: http://localhost:8000/blognew/users/login
Trace:
Cake\Error\BaseErrorHandler::handleError() - CORE\src\Error\BaseErrorHandler.php, line 146
App\Controller\UsersController::beforeFilter() - APP/Controller\UsersController.php, line 114
Cake\Event\EventManager::_callListener() - CORE\src\Event\EventManager.php, line 386
Cake\Event\EventManager::dispatch() - CORE\src\Event\EventManager.php, line 356
Cake\Controller\Controller::dispatchEvent() - CORE\src\Event\EventDispatcherTrait.php, line 78
Cake\Controller\Controller::startupProcess() - CORE\src\Controller\Controller.php, line 491
Cake\Routing\Dispatcher::_invoke() - CORE\src\Routing\Dispatcher.php, line 109
Cake\Routing\Dispatcher::dispatch() - CORE\src\Routing\Dispatcher.php, line 87
[main] - ROOT\webroot\index.php, line 37



2016-05-30 23:14:57 Warning: Warning (2): Cannot modify header information - headers already sent by (output started at X:\wamp\www\blognew\vendor\cakephp\cakephp\src\Error\Debugger.php:746) in [X:\wamp\www\blognew\vendor\cakephp\cakephp\src\Network\Session.php, line 573]
Request URL: /blognew/users/login
Referer URL: http://localhost:8000/blognew/users/login
Trace:
Cake\Error\BaseErrorHandler::handleError() - CORE\src\Error\BaseErrorHandler.php, line 146
setcookie - [internal], line ??
Cake\Network\Session::renew() - CORE\src\Network\Session.php, line 573
Cake\Auth\Storage\SessionStorage::write() - CORE\src\Auth\Storage\SessionStorage.php, line 101
Cake\Controller\Component\AuthComponent::setUser() - CORE\src\Controller\Component\AuthComponent.php, line 631
App\Controller\UsersController::login() - APP/Controller\UsersController.php, line 131
Cake\Controller\Controller::invokeAction() - CORE\src\Controller\Controller.php, line 429
Cake\Routing\Dispatcher::_invoke() - CORE\src\Routing\Dispatcher.php, line 114
Cake\Routing\Dispatcher::dispatch() - CORE\src\Routing\Dispatcher.php, line 87
[main] - ROOT\webroot\index.php, line 37



